2005.02.09 13:54 B W:\cs201\C++TextSource\CHAppndx\.DS_Store --> csci /export/home/faculty/andy/cs201/source/CHAppndx .DS_Store
2005.02.09 13:54 B W:\cs201\C++TextSource\CHAppndx\AppxReadme.txt --> csci /export/home/faculty/andy/cs201/source/CHAppndx AppxReadme.txt
2005.02.09 13:54 B W:\cs201\C++TextSource\CHAppndx\PD-01.c++ --> csci /export/home/faculty/andy/cs201/source/CHAppndx PD-01.c++
2005.02.09 13:54 B W:\cs201\C++TextSource\CHAppndx\PD-02.c++ --> csci /export/home/faculty/andy/cs201/source/CHAppndx PD-02.c++
2005.02.09 13:54 B W:\cs201\C++TextSource\CHAppndx\PE-01.c++ --> csci /export/home/faculty/andy/cs201/source/CHAppndx PE-01.c++
2005.02.09 13:54 B W:\cs201\C++TextSource\CHAppndx\PE-02.c++ --> csci /export/home/faculty/andy/cs201/source/CHAppndx PE-02.c++
2005.02.09 13:54 B W:\cs201\C++TextSource\CHAppndx\PG-01.c++ --> csci /export/home/faculty/andy/cs201/source/CHAppndx PG-01.c++
2005.02.09 13:54 B W:\cs201\C++TextSource\CHAppndx\PG-02.c++ --> csci /export/home/faculty/andy/cs201/source/CHAppndx PG-02.c++
2005.02.09 13:54 B W:\cs201\C++TextSource\CHAppndx\PG-03.c++ --> csci /export/home/faculty/andy/cs201/source/CHAppndx PG-03.c++
2005.02.09 13:54 B W:\cs201\C++TextSource\CHAppndx\PG-04.c++ --> csci /export/home/faculty/andy/cs201/source/CHAppndx PG-04.c++
2005.02.09 13:54 B W:\cs201\C++TextSource\CHAppndx\PG-05.h --> csci /export/home/faculty/andy/cs201/source/CHAppndx PG-05.h
2005.02.09 13:54 B W:\cs201\C++TextSource\CHAppndx\PG-06.h --> csci /export/home/faculty/andy/cs201/source/CHAppndx PG-06.h
2005.02.09 13:54 B W:\cs201\C++TextSource\CHAppndx\PH-01.c++ --> csci /export/home/faculty/andy/cs201/source/CHAppndx PH-01.c++
2005.02.09 13:54 B W:\cs201\C++TextSource\CHAppndx\PH-02.c++ --> csci /export/home/faculty/andy/cs201/source/CHAppndx PH-02.c++
2005.02.09 13:54 B W:\cs201\C++TextSource\CHAppndx\PH-03.h --> csci /export/home/faculty/andy/cs201/source/CHAppndx PH-03.h
2005.02.09 13:54 B W:\cs201\C++TextSource\CHAppndx\PI-01.c++ --> csci /export/home/faculty/andy/cs201/source/CHAppndx PI-01.c++
2005.02.09 13:54 B W:\cs201\C++TextSource\CHAppndx\PL-01.c++ --> csci /export/home/faculty/andy/cs201/source/CHAppndx PL-01.c++
2005.02.09 13:54 B W:\cs201\C++TextSource\CHAppndx\PL-01apnd1.bin --> csci /export/home/faculty/andy/cs201/source/CHAppndx PL-01apnd1.bin
2005.02.09 13:54 B W:\cs201\C++TextSource\CHAppndx\PL-01apnd2.bin --> csci /export/home/faculty/andy/cs201/source/CHAppndx PL-01apnd2.bin
2005.02.09 13:54 B W:\cs201\C++TextSource\CHAppndx\PM-01.c++ --> csci /export/home/faculty/andy/cs201/source/CHAppndx PM-01.c++
2005.02.09 13:54 B W:\cs201\C++TextSource\CHAppndx\PM-02.c++ --> csci /export/home/faculty/andy/cs201/source/CHAppndx PM-02.c++
2005.02.09 13:54 B W:\cs201\C++TextSource\CHAppndx\PM-03.c++ --> csci /export/home/faculty/andy/cs201/source/CHAppndx PM-03.c++
2005.02.09 13:54 B W:\cs201\C++TextSource\CHAppndx\PM-04.c++ --> csci /export/home/faculty/andy/cs201/source/CHAppndx PM-04.c++
2005.02.09 13:54 B W:\cs201\C++TextSource\CHAppndx\PM-05.c++ --> csci /export/home/faculty/andy/cs201/source/CHAppndx PM-05.c++
2005.02.09 13:54 B W:\cs201\C++TextSource\CHAppndx\PM-06.c++ --> csci /export/home/faculty/andy/cs201/source/CHAppndx PM-06.c++
2005.02.09 13:54 B W:\cs201\C++TextSource\CHAppndx\PM-07.c++ --> csci /export/home/faculty/andy/cs201/source/CHAppndx PM-07.c++
2005.02.09 13:54 B W:\cs201\C++TextSource\CHAppndx\PN-01.c++ --> csci /export/home/faculty/andy/cs201/source/CHAppndx PN-01.c++
2005.02.09 13:54 B W:\cs201\C++TextSource\CHAppndx\PN-02.c++ --> csci /export/home/faculty/andy/cs201/source/CHAppndx PN-02.c++
2005.02.09 13:54 B W:\cs201\C++TextSource\CHAppndx\PN-03.c++ --> csci /export/home/faculty/andy/cs201/source/CHAppndx PN-03.c++
2005.02.09 13:54 B W:\cs201\C++TextSource\CHAppndx\PN-04.c++ --> csci /export/home/faculty/andy/cs201/source/CHAppndx PN-04.c++
2005.02.09 13:54 B W:\cs201\C++TextSource\CHAppndx\PN-05.c++ --> csci /export/home/faculty/andy/cs201/source/CHAppndx PN-05.c++
2005.02.09 13:54 B W:\cs201\C++TextSource\CHAppndx\PN-06.c++ --> csci /export/home/faculty/andy/cs201/source/CHAppndx PN-06.c++
2005.02.09 13:54 B W:\cs201\C++TextSource\CHAppndx\PN-07.c++ --> csci /export/home/faculty/andy/cs201/source/CHAppndx PN-07.c++
2005.02.09 13:54 B W:\cs201\C++TextSource\CHAppndx\SanJose.h --> csci /export/home/faculty/andy/cs201/source/CHAppndx SanJose.h
2005.02.09 13:54 B W:\cs201\C++TextSource\CHAppndx\testIdeas.c++ --> csci /export/home/faculty/andy/cs201/source/CHAppndx testIdeas.c++
